Using pre-set license
Built from '2022.3/staging' branch; Version is '2022.3.7f1 (b16b3b16c7a0) revision 11627323'; Using compiler version '192829333'; Build Type 'Release'
OS: 'Windows 11  (10.0.22621) 64bit Core' Language: 'en' Physical Memory: 16110 MB
BatchMode: 1, IsHumanControllingUs: 0, StartBugReporterOnCrash: 0, Is64bit: 1, IsPro: 1

COMMAND LINE ARGUMENTS:
C:\Users\njabu\OneDrive\Desktop\Unity\2022.3.7f1\Editor\Unity.exe
-adb2
-batchMode
-noUpm
-name
AssetImportWorker2
-projectPath
C:/Users/njabu/OneDrive/Desktop/GameDesign-4---Bus-Game-
-logFile
Logs/AssetImportWorker2.log
-srvPort
49191
Successfully changed project path to: C:/Users/njabu/OneDrive/Desktop/GameDesign-4---Bus-Game-
C:/Users/njabu/OneDrive/Desktop/GameDesign-4---Bus-Game-
[UnityMemory] Configuration Parameters - Can be set up in boot.config
    "memorysetup-bucket-allocator-granularity=16"
    "memorysetup-bucket-allocator-bucket-count=8"
    "memorysetup-bucket-allocator-block-size=33554432"
    "memorysetup-bucket-allocator-block-count=8"
    "memorysetup-main-allocator-block-size=16777216"
    "memorysetup-thread-allocator-block-size=16777216"
    "memorysetup-gfx-main-allocator-block-size=16777216"
    "memorysetup-gfx-thread-allocator-block-size=16777216"
    "memorysetup-cache-allocator-block-size=4194304"
    "memorysetup-typetree-allocator-block-size=2097152"
    "memorysetup-profiler-bucket-allocator-granularity=16"
    "memorysetup-profiler-bucket-allocator-bucket-count=8"
    "memorysetup-profiler-bucket-allocator-block-size=33554432"
    "memorysetup-profiler-bucket-allocator-block-count=8"
    "memorysetup-profiler-allocator-block-size=16777216"
    "memorysetup-profiler-editor-allocator-block-size=1048576"
    "memorysetup-temp-allocator-size-main=16777216"
    "memorysetup-job-temp-allocator-block-size=2097152"
    "memorysetup-job-temp-allocator-block-size-background=1048576"
    "memorysetup-job-temp-allocator-reduction-small-platforms=262144"
    "memorysetup-allocator-temp-initial-block-size-main=262144"
    "memorysetup-allocator-temp-initial-block-size-worker=262144"
    "memorysetup-temp-allocator-size-background-worker=32768"
    "memorysetup-temp-allocator-size-job-worker=262144"
    "memorysetup-temp-allocator-size-preload-manager=33554432"
    "memorysetup-temp-allocator-size-nav-mesh-worker=65536"
    "memorysetup-temp-allocator-size-audio-worker=65536"
    "memorysetup-temp-allocator-size-cloud-worker=32768"
    "memorysetup-temp-allocator-size-gi-baking-worker=262144"
    "memorysetup-temp-allocator-size-gfx=262144"
Player connection [22332] Host "[IP] 192.168.28.160 [Port] 0 [Flags] 2 [Guid] 3392418862 [EditorId] 3392418862 [Version] 1048832 [Id] WindowsEditor(7,_Justin_Colvel) [Debug] 1 [PackageName] WindowsEditor [ProjectName] Editor" joined multi-casting on [225.0.0.222:54997]...

Player connection [22332] Host "[IP] 192.168.28.160 [Port] 0 [Flags] 2 [Guid] 3392418862 [EditorId] 3392418862 [Version] 1048832 [Id] WindowsEditor(7,_Justin_Colvel) [Debug] 1 [PackageName] WindowsEditor [ProjectName] Editor" joined alternative multi-casting on [225.0.0.222:34997]...

Refreshing native plugins compatible for Editor in 6.72 ms, found 3 plugins.
Preloading 0 native plugins for Editor in 0.00 ms.
Initialize engine version: 2022.3.7f1 (b16b3b16c7a0)
[Subsystems] Discovering subsystems at path C:/Users/njabu/OneDrive/Desktop/Unity/2022.3.7f1/Editor/Data/Resources/UnitySubsystems
[Subsystems] Discovering subsystems at path C:/Users/njabu/OneDrive/Desktop/GameDesign-4---Bus-Game-/Assets
GfxDevice: creating device client; threaded=0; jobified=0
Direct3D:
    Version:  Direct3D 11.0 [level 11.1]
    Renderer: NVIDIA GeForce RTX 3050 Laptop GPU (ID=0x25a2)
    Vendor:   NVIDIA
    VRAM:     3977 MB
    Driver:   31.0.15.2879
Initialize mono
Mono path[0] = 'C:/Users/njabu/OneDrive/Desktop/Unity/2022.3.7f1/Editor/Data/Managed'
Mono path[1] = 'C:/Users/njabu/OneDrive/Desktop/Unity/2022.3.7f1/Editor/Data/MonoBleedingEdge/lib/mono/unityjit-win32'
Mono config path = 'C:/Users/njabu/OneDrive/Desktop/Unity/2022.3.7f1/Editor/Data/MonoBleedingEdge/etc'
Using monoOptions --debugger-agent=transport=dt_socket,embedding=1,server=y,suspend=n,address=127.0.0.1:56716
Begin MonoManager ReloadAssembly
Registering precompiled unity dll's ...
Register platform support module: C:/Users/njabu/OneDrive/Desktop/Unity/2022.3.7f1/Editor/Data/PlaybackEngines/WindowsStandaloneSupport/UnityEditor.WindowsStandalone.Extensions.dll
Registered in 0.004194 seconds.
- Loaded All Assemblies, in  0.259 seconds
Native extension for WindowsStandalone target not found
Mono: successfully reloaded assembly
- Finished resetting the current domain, in  0.183 seconds
Domain Reload Profiling: 440ms
	BeginReloadAssembly (76ms)
		ExecutionOrderSort (0ms)
		DisableScriptedObjects (0ms)
		BackupInstance (0ms)
		ReleaseScriptingObjects (0ms)
		CreateAndSetChildDomain (1ms)
	RebuildCommonClasses (28ms)
	RebuildNativeTypeToScriptingClass (8ms)
	initialDomainReloadingComplete (41ms)
	LoadAllAssembliesAndSetupDomain (104ms)
		LoadAssemblies (75ms)
		RebuildTransferFunctionScriptingTraits (0ms)
		AnalyzeDomain (103ms)
			TypeCache.Refresh (102ms)
				TypeCache.ScanAssembly (91ms)
			ScanForSourceGeneratedMonoScriptInfo (0ms)
			ResolveRequiredComponents (0ms)
	FinalizeReload (183ms)
		ReleaseScriptCaches (0ms)
		RebuildScriptCaches (0ms)
		SetupLoadedEditorAssemblies (139ms)
			LogAssemblyErrors (0ms)
			InitializePlatformSupportModulesInManaged (7ms)
			SetLoadedEditorAssemblies (6ms)
			RefreshPlugins (0ms)
			BeforeProcessingInitializeOnLoad (1ms)
			ProcessInitializeOnLoadAttributes (91ms)
			ProcessInitializeOnLoadMethodAttributes (34ms)
			AfterProcessingInitializeOnLoad (0ms)
			EditorAssembliesLoaded (0ms)
		ExecutionOrderSort2 (0ms)
		AwakeInstancesAfterBackupRestoration (0ms)
========================================================================
Worker process is ready to serve import requests
Begin MonoManager ReloadAssembly
Symbol file LoadedFromMemory doesn't match image C:\Users\njabu\OneDrive\Desktop\GameDesign-4---Bus-Game-\Library\PackageCache\com.unity.visualscripting@1.8.0\Editor\VisualScripting.Core\Dependencies\YamlDotNet\Unity.VisualScripting.YamlDotNet.dll
Symbol file LoadedFromMemory doesn't match image C:\Users\njabu\OneDrive\Desktop\GameDesign-4---Bus-Game-\Library\PackageCache\com.unity.visualscripting@1.8.0\Editor\VisualScripting.Core\Dependencies\DotNetZip\Unity.VisualScripting.IonicZip.dll
- Loaded All Assemblies, in  0.555 seconds
Refreshing native plugins compatible for Editor in 2.80 ms, found 3 plugins.
Native extension for WindowsStandalone target not found
Package Manager log level set to [2]
[Package Manager] Server::EnsureServerProcessIsRunning -- launch failed, reason: Unity was launched with the -noUpm command-line argument
[Package Manager] UpmClient::Send -- Unable to send message (not connected to UPM process).
[Package Manager] Cannot connect to Unity Package Manager local server
Mono: successfully reloaded assembly
- Finished resetting the current domain, in  0.605 seconds
Domain Reload Profiling: 1158ms
	BeginReloadAssembly (112ms)
		ExecutionOrderSort (0ms)
		DisableScriptedObjects (4ms)
		BackupInstance (0ms)
		ReleaseScriptingObjects (0ms)
		CreateAndSetChildDomain (18ms)
	RebuildCommonClasses (25ms)
	RebuildNativeTypeToScriptingClass (8ms)
	initialDomainReloadingComplete (30ms)
	LoadAllAssembliesAndSetupDomain (378ms)
		LoadAssemblies (231ms)
		RebuildTransferFunctionScriptingTraits (0ms)
		AnalyzeDomain (208ms)
			TypeCache.Refresh (177ms)
				TypeCache.ScanAssembly (160ms)
			ScanForSourceGeneratedMonoScriptInfo (20ms)
			ResolveRequiredComponents (9ms)
	FinalizeReload (605ms)
		ReleaseScriptCaches (0ms)
		RebuildScriptCaches (0ms)
		SetupLoadedEditorAssemblies (450ms)
			LogAssemblyErrors (0ms)
			InitializePlatformSupportModulesInManaged (5ms)
			SetLoadedEditorAssemblies (5ms)
			RefreshPlugins (0ms)
			BeforeProcessingInitializeOnLoad (71ms)
			ProcessInitializeOnLoadAttributes (315ms)
			ProcessInitializeOnLoadMethodAttributes (49ms)
			AfterProcessingInitializeOnLoad (6ms)
			EditorAssembliesLoaded (0ms)
		ExecutionOrderSort2 (0ms)
		AwakeInstancesAfterBackupRestoration (9ms)
Launched and connected shader compiler UnityShaderCompiler.exe after 0.06 seconds
Refreshing native plugins compatible for Editor in 6.26 ms, found 3 plugins.
Preloading 0 native plugins for Editor in 0.00 ms.
Unloading 5670 Unused Serialized files (Serialized files now loaded: 0)
Unloading 89 unused Assets / (0.8 MB). Loaded Objects now: 6127.
Memory consumption went from 199.9 MB to 199.1 MB.
Total: 5.461400 ms (FindLiveObjects: 0.698800 ms CreateObjectMapping: 0.353400 ms MarkObjects: 3.752100 ms  DeleteObjects: 0.655800 ms)

AssetImportParameters requested are different than current active one (requested -> active):
  custom:container-demuxer-ogg: 62fdf1f143b41e24485cea50d1cbac27 -> 
  custom:video-codec-MediaFoundation-h265: 746d11721c4dcdbdad8f713fa42b33f4 -> 
  custom:video-decoder-ogg-theora: a1e56fd34408186e4bbccfd4996cb3dc -> 
  custom:framework-win-MediaFoundation: 216162199b28c13a410421893ffa2e32 -> 
  custom:CustomObjectIndexerAttribute: a3ef5dd2817f97addfee359851a9dba5 -> 
  custom:container-demuxer-webm: 4f35f7cbe854078d1ac9338744f61a02 -> 
  custom:container-muxer-webm: aa71ff27fc2769a1b78a27578f13a17b -> 
  custom:video-decoder-webm-vp8: 9c59270c3fd7afecdb556c50c9e8de78 -> 
  custom:SearchIndexIgnoredProperties: e643bd26f0fe6173181afceb89e7c659 -> 
  custom:AudioImporter_EditorPlatform: d09bf68614088b80899f8185d706f6e7 -> 
  custom:video-encoder-webm-vp8: eb34c28f22e8b96e1ab97ce403110664 -> 
  custom:audio-decoder-ogg-vorbis: bf7c407c2cedff20999df2af8eb42d56 -> 
  custom:audio-encoder-webm-vorbis: bf7c407c2cedff20999df2af8eb42d56 -> 
========================================================================
Received Import Request.
  Time since last request: 236655.288368 seconds.
  path: Assets/Simple Vehicle Pack
  artifactKey: Guid(e1eeeb497bc426347806044d62dcb149) Importer(815301076,1909f56bfc062723c751e8b465ee728b)
Start importing Assets/Simple Vehicle Pack using Guid(e1eeeb497bc426347806044d62dcb149) Importer(815301076,1909f56bfc062723c751e8b465ee728b)  -> (artifact id: 'a863dd13b1956ba364e4b7b272db1bcf') in 0.002326 seconds
Number of updated asset objects reloaded before import = 0
Number of asset objects unloaded after import = 0
========================================================================
Received Import Request.
  Time since last request: 1.408235 seconds.
  path: Assets/Simple Vehicle Pack/Models
  artifactKey: Guid(997e59417d7a8374583de63ee487f087) Importer(815301076,1909f56bfc062723c751e8b465ee728b)
Start importing Assets/Simple Vehicle Pack/Models using Guid(997e59417d7a8374583de63ee487f087) Importer(815301076,1909f56bfc062723c751e8b465ee728b)  -> (artifact id: '1ecca2f50252998af992fe51df437158') in 0.000539 seconds
Number of updated asset objects reloaded before import = 0
Number of asset objects unloaded after import = 0
========================================================================
Received Import Request.
  Time since last request: 0.728062 seconds.
  path: Assets/Simple Vehicle Pack/Models/bus.FBX
  artifactKey: Guid(7f4f24cb528cb884a874e5266f87c831) Importer(815301076,1909f56bfc062723c751e8b465ee728b)
Start importing Assets/Simple Vehicle Pack/Models/bus.FBX using Guid(7f4f24cb528cb884a874e5266f87c831) Importer(815301076,1909f56bfc062723c751e8b465ee728b)  -> (artifact id: '66a30530ed38841f7715feacea5ee4ee') in 0.131393 seconds
Number of updated asset objects reloaded before import = 0
Number of asset objects unloaded after import = 30
========================================================================
Received Import Request.
  Time since last request: 2.221787 seconds.
  path: Assets/Simple Vehicle Pack/Models/Materials
  artifactKey: Guid(1dfca22c3e9ce1c4dbc8bebfc81dd8c3) Importer(815301076,1909f56bfc062723c751e8b465ee728b)
Start importing Assets/Simple Vehicle Pack/Models/Materials using Guid(1dfca22c3e9ce1c4dbc8bebfc81dd8c3) Importer(815301076,1909f56bfc062723c751e8b465ee728b)  -> (artifact id: '80bfeb1679c52f09e9e664c89dab650b') in 0.000727 seconds
Number of updated asset objects reloaded before import = 0
Number of asset objects unloaded after import = 0
========================================================================
Received Import Request.
  Time since last request: 0.015836 seconds.
  path: Assets/Simple Vehicle Pack/Models/Materials/Material #23.mat
  artifactKey: Guid(bdd79651c2f4e1f4ab34b108fd8d866a) Importer(815301076,1909f56bfc062723c751e8b465ee728b)
Start importing Assets/Simple Vehicle Pack/Models/Materials/Material #23.mat using Guid(bdd79651c2f4e1f4ab34b108fd8d866a) Importer(815301076,1909f56bfc062723c751e8b465ee728b)  -> (artifact id: '1bc745a0bcd4c21896eaf9ae51ef0c73') in 0.020621 seconds
Number of updated asset objects reloaded before import = 0
Number of asset objects unloaded after import = 1
========================================================================
Received Import Request.
  Time since last request: 3.617886 seconds.
  path: Assets/Unathi_Assets/Box.fbx
  artifactKey: Guid(9aaf693dd5d6a11439d3551098b88428) Importer(815301076,1909f56bfc062723c751e8b465ee728b)
Start importing Assets/Unathi_Assets/Box.fbx using Guid(9aaf693dd5d6a11439d3551098b88428) Importer(815301076,1909f56bfc062723c751e8b465ee728b)  -> (artifact id: '7ea748bc358053cc86619c7656bdbeb9') in 0.053825 seconds
Number of updated asset objects reloaded before import = 0
Number of asset objects unloaded after import = 8
========================================================================
Received Import Request.
  Time since last request: 0.000016 seconds.
  path: Assets/Unathi_Assets/GD_Map.fbx
  artifactKey: Guid(98ca5ecb5ce2a98478ff92dc9a8e4c3a) Importer(815301076,1909f56bfc062723c751e8b465ee728b)
Start importing Assets/Unathi_Assets/GD_Map.fbx using Guid(98ca5ecb5ce2a98478ff92dc9a8e4c3a) Importer(815301076,1909f56bfc062723c751e8b465ee728b)  -> (artifact id: 'af1a14f8d9200bba1ebf4ae8837e1ae3') in 0.102530 seconds
Number of updated asset objects reloaded before import = 0
Number of asset objects unloaded after import = 17
========================================================================
Received Import Request.
  Time since last request: 0.000015 seconds.
  path: Assets/Unathi_Assets/Gas.png
  artifactKey: Guid(316377a5ef0dd0540925bce4a07c656a) Importer(815301076,1909f56bfc062723c751e8b465ee728b)
Start importing Assets/Unathi_Assets/Gas.png using Guid(316377a5ef0dd0540925bce4a07c656a) Importer(815301076,1909f56bfc062723c751e8b465ee728b)  -> (artifact id: '3693d567fc53d481d2f2152bcd2394bb') in 0.037896 seconds
Number of updated asset objects reloaded before import = 0
Number of asset objects unloaded after import = 3
========================================================================
Received Import Request.
  Time since last request: 0.000021 seconds.
  path: Assets/Unathi_Assets/Water Plane.fbx
  artifactKey: Guid(67d238ff7297d864994fc0bbbe48965b) Importer(815301076,1909f56bfc062723c751e8b465ee728b)
Start importing Assets/Unathi_Assets/Water Plane.fbx using Guid(67d238ff7297d864994fc0bbbe48965b) Importer(815301076,1909f56bfc062723c751e8b465ee728b)  -> (artifact id: '219a4333d3270b00997bbcbb24431c41') in 0.031254 seconds
Number of updated asset objects reloaded before import = 0
Number of asset objects unloaded after import = 7
========================================================================
Received Import Request.
  Time since last request: 0.000013 seconds.
  path: Assets/Unathi_Assets/traffic_light_01.fbx
  artifactKey: Guid(a25e393f296c78e49b819df80b8653e5) Importer(815301076,1909f56bfc062723c751e8b465ee728b)
Start importing Assets/Unathi_Assets/traffic_light_01.fbx using Guid(a25e393f296c78e49b819df80b8653e5) Importer(815301076,1909f56bfc062723c751e8b465ee728b)  -> (artifact id: '51cbf9b52c3445be1a5e7c736f662620') in 0.033405 seconds
Number of updated asset objects reloaded before import = 0
Number of asset objects unloaded after import = 21
========================================================================
Received Import Request.
  Time since last request: 156.030640 seconds.
  path: Assets/Unathi_Assets/building 1/building 1/Building 1.obj
  artifactKey: Guid(8cf6c86995ab142408494cf1d5851ca3) Importer(815301076,1909f56bfc062723c751e8b465ee728b)
Start importing Assets/Unathi_Assets/building 1/building 1/Building 1.obj using Guid(8cf6c86995ab142408494cf1d5851ca3) Importer(815301076,1909f56bfc062723c751e8b465ee728b)  -> (artifact id: '015f0597038eade1d007b1b7568bc6c7') in 0.032188 seconds
Number of updated asset objects reloaded before import = 0
Number of asset objects unloaded after import = 10
========================================================================
Received Import Request.
  Time since last request: 5.218755 seconds.
  path: Assets/Unathi_Assets/concrete_floor_01_4k
  artifactKey: Guid(d40d5474699e01f4ea6047dd094aefef) Importer(815301076,1909f56bfc062723c751e8b465ee728b)
Start importing Assets/Unathi_Assets/concrete_floor_01_4k using Guid(d40d5474699e01f4ea6047dd094aefef) Importer(815301076,1909f56bfc062723c751e8b465ee728b)  -> (artifact id: 'c1858ef5b5075ce14fa1ddd6785e3a67') in 0.000720 seconds
Number of updated asset objects reloaded before import = 0
Number of asset objects unloaded after import = 0
========================================================================
Received Import Request.
  Time since last request: 1.081794 seconds.
  path: Assets/Unathi_Assets/concrete_floor_01_4k/textures
  artifactKey: Guid(4614b0f2e1231e54ba8ea02b23845cc3) Importer(815301076,1909f56bfc062723c751e8b465ee728b)
Start importing Assets/Unathi_Assets/concrete_floor_01_4k/textures using Guid(4614b0f2e1231e54ba8ea02b23845cc3) Importer(815301076,1909f56bfc062723c751e8b465ee728b)  -> (artifact id: '4548785ac3177f24328dc40eedbf6ad9') in 0.002487 seconds
Number of updated asset objects reloaded before import = 0
Number of asset objects unloaded after import = 0
========================================================================
Received Import Request.
  Time since last request: 0.059524 seconds.
  path: Assets/Unathi_Assets/concrete_floor_01_4k/textures/concrete_floor_01_ao_4k.png
  artifactKey: Guid(812590203db6ba4449dda79e1e5410e1) Importer(815301076,1909f56bfc062723c751e8b465ee728b)
Start importing Assets/Unathi_Assets/concrete_floor_01_4k/textures/concrete_floor_01_ao_4k.png using Guid(812590203db6ba4449dda79e1e5410e1) Importer(815301076,1909f56bfc062723c751e8b465ee728b)  -> (artifact id: 'e798000c251acb30ed5fefcc751495ae') in 0.025307 seconds
Number of updated asset objects reloaded before import = 0
Number of asset objects unloaded after import = 2
========================================================================
Received Import Request.
  Time since last request: 0.000015 seconds.
  path: Assets/Unathi_Assets/concrete_floor_01_4k/textures/concrete_floor_01_bump_4k.png
  artifactKey: Guid(fcc6195bceb25254b9ca978938268965) Importer(815301076,1909f56bfc062723c751e8b465ee728b)
Start importing Assets/Unathi_Assets/concrete_floor_01_4k/textures/concrete_floor_01_bump_4k.png using Guid(fcc6195bceb25254b9ca978938268965) Importer(815301076,1909f56bfc062723c751e8b465ee728b)  -> (artifact id: '790b09f1189955669339138d55819d36') in 0.021379 seconds
Number of updated asset objects reloaded before import = 0
Number of asset objects unloaded after import = 2
========================================================================
Received Import Request.
  Time since last request: 0.000014 seconds.
  path: Assets/Unathi_Assets/concrete_floor_01_4k/textures/concrete_floor_01_diff_4k.png
  artifactKey: Guid(31224ef53029cfb4f9efb21db338f91a) Importer(815301076,1909f56bfc062723c751e8b465ee728b)
Start importing Assets/Unathi_Assets/concrete_floor_01_4k/textures/concrete_floor_01_diff_4k.png using Guid(31224ef53029cfb4f9efb21db338f91a) Importer(815301076,1909f56bfc062723c751e8b465ee728b)  -> (artifact id: '2c866ca299deaf92b55cb5a5b30e5c03') in 0.019025 seconds
Number of updated asset objects reloaded before import = 0
Number of asset objects unloaded after import = 2
========================================================================
Received Import Request.
  Time since last request: 0.000022 seconds.
  path: Assets/Unathi_Assets/concrete_floor_01_4k/textures/concrete_floor_01_nor_gl_4k.png
  artifactKey: Guid(d054ad2099b52d14fb4d3ee338f51094) Importer(815301076,1909f56bfc062723c751e8b465ee728b)
Start importing Assets/Unathi_Assets/concrete_floor_01_4k/textures/concrete_floor_01_nor_gl_4k.png using Guid(d054ad2099b52d14fb4d3ee338f51094) Importer(815301076,1909f56bfc062723c751e8b465ee728b)  -> (artifact id: '7458318fc2ee6ac3648e64d14dbdc694') in 0.020296 seconds
Number of updated asset objects reloaded before import = 0
Number of asset objects unloaded after import = 2
Editor requested this worker to shutdown with reason: Scaling down because of idle timeout
TcpMessagingSession - receive error: operation aborted. errorcode: 995, details: The I/O operation has been aborted because of either a thread exit or an application request.
AssetImportWorker is now disconnected from the server
Process exiting
Exiting without the bug reporter. Application will terminate with return code 0